# JRE version: Java(TM) SE Runtime Environment (8.0_241-b07) (build 1.8.0_241-b07)
# Java VM: Java HotSpot(TM) 64-Bit Server VM (25.241-b07 mixed mode windows-amd64 compressed oops)
Heap:
 PSYoungGen      total 197120K, used 6370K [0x00000000eb300000, 0x00000000f8180000, 0x0000000100000000)
  eden space 187904K, 3% used [0x00000000eb300000,0x00000000eb9389c0,0x00000000f6a80000)
  from space 9216K, 0% used [0x00000000f7880000,0x00000000f7880000,0x00000000f8180000)
  to   space 11264K, 0% used [0x00000000f6b80000,0x00000000f6b80000,0x00000000f7680000)
 ParOldGen       total 41472K, used 18789K [0x00000000c1800000, 0x00000000c4080000, 0x00000000eb300000)
  object space 41472K, 45% used [0x00000000c1800000,0x00000000c2a595f8,0x00000000c4080000)
 Metaspace       used 56352K, capacity 58902K, committed 58968K, reserved 1099776K
  class space    used 7582K, capacity 8042K, committed 8064K, reserved 1048576K
GC Heap History (10 events):
Event: 15.607 GC heap before
{Heap before GC invocations=11 (full 1):
 PSYoungGen      total 137216K, used 124267K [0x00000000eb300000, 0x00000000f8300000, 0x0000000100000000)
  eden space 129024K, 89% used [0x00000000eb300000,0x00000000f245d290,0x00000000f3100000)
  from space 8192K, 99% used [0x00000000f3100000,0x00000000f38fdc30,0x00000000f3900000)
  to   space 10752K, 0% used [0x00000000f7880000,0x00000000f7880000,0x00000000f8300000)
 ParOldGen       total 28160K, used 9043K [0x00000000c1800000, 0x00000000c3380000, 0x00000000eb300000)
  object space 28160K, 32% used [0x00000000c1800000,0x00000000c20d4d90,0x00000000c3380000)
 Metaspace       used 33370K, capacity 35210K, committed 35416K, reserved 1079296K
  class space    used 4390K, capacity 4718K, committed 4736K, reserved 1048576K
Event: 15.629 GC heap after
Heap after GC invocations=11 (full 1):
 PSYoungGen      total 197120K, used 9022K [0x00000000eb300000, 0x00000000f8180000, 0x0000000100000000)
  eden space 187904K, 0% used [0x00000000eb300000,0x00000000eb300000,0x00000000f6a80000)
  from space 9216K, 97% used [0x00000000f7880000,0x00000000f814fa88,0x00000000f8180000)
  to   space 11264K, 0% used [0x00000000f6b80000,0x00000000f6b80000,0x00000000f7680000)
 ParOldGen       total 28160K, used 9051K [0x00000000c1800000, 0x00000000c3380000, 0x00000000eb300000)
  object space 28160K, 32% used [0x00000000c1800000,0x00000000c20d6d90,0x00000000c3380000)
 Metaspace       used 33370K, capacity 35210K, committed 35416K, reserved 1079296K
  class space    used 4390K, capacity 4718K, committed 4736K, reserved 1048576K
}
Event: 15.629 GC heap before
{Heap before GC invocations=12 (full 2):
 PSYoungGen      total 197120K, used 9022K [0x00000000eb300000, 0x00000000f8180000, 0x0000000100000000)
  eden space 187904K, 0% used [0x00000000eb300000,0x00000000eb300000,0x00000000f6a80000)
  from space 9216K, 97% used [0x00000000f7880000,0x00000000f814fa88,0x00000000f8180000)
  to   space 11264K, 0% used [0x00000000f6b80000,0x00000000f6b80000,0x00000000f7680000)
 ParOldGen       total 28160K, used 9051K [0x00000000c1800000, 0x00000000c3380000, 0x00000000eb300000)
  object space 28160K, 32% used [0x00000000c1800000,0x00000000c20d6d90,0x00000000c3380000)
 Metaspace       used 33370K, capacity 35210K, committed 35416K, reserved 1079296K
  class space    used 4390K, capacity 4718K, committed 4736K, reserved 1048576K
Event: 15.720 GC heap after
Heap after GC invocations=12 (full 2):
 PSYoungGen      total 197120K, used 0K [0x00000000eb300000, 0x00000000f8180000, 0x0000000100000000)
  eden space 187904K, 0% used [0x00000000eb300000,0x00000000eb300000,0x00000000f6a80000)
  from space 9216K, 0% used [0x00000000f7880000,0x00000000f7880000,0x00000000f8180000)
  to   space 11264K, 0% used [0x00000000f6b80000,0x00000000f6b80000,0x00000000f7680000)
 ParOldGen       total 41472K, used 13837K [0x00000000c1800000, 0x00000000c4080000, 0x00000000eb300000)
  object space 41472K, 33% used [0x00000000c1800000,0x00000000c2583540,0x00000000c4080000)
 Metaspace       used 33370K, capacity 35210K, committed 35416K, reserved 1079296K
  class space    used 4390K, capacity 4718K, committed 4736K, reserved 1048576K
}
Event: 30.323 GC heap before
{Heap before GC invocations=13 (full 2):
 PSYoungGen      total 197120K, used 187904K [0x00000000eb300000, 0x00000000f8180000, 0x0000000100000000)
  eden space 187904K, 100% used [0x00000000eb300000,0x00000000f6a80000,0x00000000f6a80000)
  from space 9216K, 0% used [0x00000000f7880000,0x00000000f7880000,0x00000000f8180000)
  to   space 11264K, 0% used [0x00000000f6b80000,0x00000000f6b80000,0x00000000f7680000)
 ParOldGen       total 41472K, used 13837K [0x00000000c1800000, 0x00000000c4080000, 0x00000000eb300000)
  object space 41472K, 33% used [0x00000000c1800000,0x00000000c2583540,0x00000000c4080000)
 Metaspace       used 55593K, capacity 58204K, committed 58456K, reserved 1099776K
  class space    used 7495K, capacity 7959K, committed 8064K, reserved 1048576K
Event: 30.792 GC heap after
Heap after GC invocations=13 (full 2):
 PSYoungGen      total 199168K, used 11253K [0x00000000eb300000, 0x00000000f8180000, 0x0000000100000000)
  eden space 187904K, 0% used [0x00000000eb300000,0x00000000eb300000,0x00000000f6a80000)
  from space 11264K, 99% used [0x00000000f6b80000,0x00000000f767d7f0,0x00000000f7680000)
  to   space 9216K, 0% used [0x00000000f7880000,0x00000000f7880000,0x00000000f8180000)
 ParOldGen       total 41472K, used 25874K [0x00000000c1800000, 0x00000000c4080000, 0x00000000eb300000)
  object space 41472K, 62% used [0x00000000c1800000,0x00000000c3144820,0x00000000c4080000)
 Metaspace       used 55593K, capacity 58204K, committed 58456K, reserved 1099776K
  class space    used 7495K, capacity 7959K, committed 8064K, reserved 1048576K
}
Event: 32.304 GC heap before
{Heap before GC invocations=14 (full 2):
 PSYoungGen      total 199168K, used 30246K [0x00000000eb300000, 0x00000000f8180000, 0x0000000100000000)
  eden space 187904K, 10% used [0x00000000eb300000,0x00000000ec58c138,0x00000000f6a80000)
  from space 11264K, 99% used [0x00000000f6b80000,0x00000000f767d7f0,0x00000000f7680000)
  to   space 9216K, 0% used [0x00000000f7880000,0x00000000f7880000,0x00000000f8180000)
 ParOldGen       total 41472K, used 25874K [0x00000000c1800000, 0x00000000c4080000, 0x00000000eb300000)
  object space 41472K, 62% used [0x00000000c1800000,0x00000000c3144820,0x00000000c4080000)
 Metaspace       used 56348K, capacity 58892K, committed 58968K, reserved 1099776K
  class space    used 7582K, capacity 8041K, committed 8064K, reserved 1048576K
Event: 32.370 GC heap after
Heap after GC invocations=14 (full 2):
 PSYoungGen      total 197120K, used 1089K [0x00000000eb300000, 0x00000000f8180000, 0x0000000100000000)
  eden space 187904K, 0% used [0x00000000eb300000,0x00000000eb300000,0x00000000f6a80000)
  from space 9216K, 11% used [0x00000000f7880000,0x00000000f7990498,0x00000000f8180000)
  to   space 11264K, 0% used [0x00000000f6b80000,0x00000000f6b80000,0x00000000f7680000)
 ParOldGen       total 41472K, used 33069K [0x00000000c1800000, 0x00000000c4080000, 0x00000000eb300000)
  object space 41472K, 79% used [0x00000000c1800000,0x00000000c384b428,0x00000000c4080000)
 Metaspace       used 56348K, capacity 58892K, committed 58968K, reserved 1099776K
  class space    used 7582K, capacity 8041K, committed 8064K, reserved 1048576K
}
Event: 32.370 GC heap before
{Heap before GC invocations=15 (full 3):
 PSYoungGen      total 197120K, used 1089K [0x00000000eb300000, 0x00000000f8180000, 0x0000000100000000)
  eden space 187904K, 0% used [0x00000000eb300000,0x00000000eb300000,0x00000000f6a80000)
  from space 9216K, 11% used [0x00000000f7880000,0x00000000f7990498,0x00000000f8180000)
  to   space 11264K, 0% used [0x00000000f6b80000,0x00000000f6b80000,0x00000000f7680000)
 ParOldGen       total 41472K, used 33069K [0x00000000c1800000, 0x00000000c4080000, 0x00000000eb300000)
  object space 41472K, 79% used [0x00000000c1800000,0x00000000c384b428,0x00000000c4080000)
 Metaspace       used 56348K, capacity 58892K, committed 58968K, reserved 1099776K
  class space    used 7582K, capacity 8041K, committed 8064K, reserved 1048576K
Event: 33.474 GC heap after
Heap after GC invocations=15 (full 3):
 PSYoungGen      total 197120K, used 0K [0x00000000eb300000, 0x00000000f8180000, 0x0000000100000000)
  eden space 187904K, 0% used [0x00000000eb300000,0x00000000eb300000,0x00000000f6a80000)
  from space 9216K, 0% used [0x00000000f7880000,0x00000000f7880000,0x00000000f8180000)
  to   space 11264K, 0% used [0x00000000f6b80000,0x00000000f6b80000,0x00000000f7680000)
 ParOldGen       total 41472K, used 18789K [0x00000000c1800000, 0x00000000c4080000, 0x00000000eb300000)
  object space 41472K, 45% used [0x00000000c1800000,0x00000000c2a595f8,0x00000000c4080000)
 Metaspace       used 56348K, capacity 58892K, committed 58968K, reserved 1099776K
  class space    used 7582K, capacity 8041K, committed 8064K, reserved 1048576K
}

