# JRE version: Java(TM) SE Runtime Environment (8.0_241-b07) (build 1.8.0_241-b07)
# Java VM: Java HotSpot(TM) 64-Bit Server VM (25.241-b07 mixed mode windows-amd64 compressed oops)
Heap:
 PSYoungGen      total 253952K, used 12230K [0x00000000eb300000, 0x00000000fc000000, 0x0000000100000000)
  eden space 241664K, 5% used [0x00000000eb300000,0x00000000ebef1a60,0x00000000f9f00000)
  from space 12288K, 0% used [0x00000000fb400000,0x00000000fb400000,0x00000000fc000000)
  to   space 16896K, 0% used [0x00000000f9f00000,0x00000000f9f00000,0x00000000faf80000)
 ParOldGen       total 45056K, used 19512K [0x00000000c1800000, 0x00000000c4400000, 0x00000000eb300000)
  object space 45056K, 43% used [0x00000000c1800000,0x00000000c2b0e0b0,0x00000000c4400000)
 Metaspace       used 56385K, capacity 59082K, committed 59224K, reserved 1099776K
  class space    used 7592K, capacity 8050K, committed 8064K, reserved 1048576K
GC Heap History (10 events):
Event: 16.555 GC heap before
{Heap before GC invocations=11 (full 1):
 PSYoungGen      total 137216K, used 121856K [0x00000000eb300000, 0x00000000f7980000, 0x0000000100000000)
  eden space 129024K, 88% used [0x00000000eb300000,0x00000000f2203098,0x00000000f3100000)
  from space 8192K, 99% used [0x00000000f3100000,0x00000000f38fd100,0x00000000f3900000)
  to   space 10752K, 0% used [0x00000000f6f00000,0x00000000f6f00000,0x00000000f7980000)
 ParOldGen       total 30720K, used 10524K [0x00000000c1800000, 0x00000000c3600000, 0x00000000eb300000)
  object space 30720K, 34% used [0x00000000c1800000,0x00000000c22472f8,0x00000000c3600000)
 Metaspace       used 33346K, capacity 35206K, committed 35416K, reserved 1079296K
  class space    used 4389K, capacity 4718K, committed 4736K, reserved 1048576K
Event: 16.573 GC heap after
Heap after GC invocations=11 (full 1):
 PSYoungGen      total 186368K, used 8768K [0x00000000eb300000, 0x00000000f7800000, 0x0000000100000000)
  eden space 177152K, 0% used [0x00000000eb300000,0x00000000eb300000,0x00000000f6000000)
  from space 9216K, 95% used [0x00000000f6f00000,0x00000000f7790260,0x00000000f7800000)
  to   space 11776K, 0% used [0x00000000f6100000,0x00000000f6100000,0x00000000f6c80000)
 ParOldGen       total 30720K, used 10532K [0x00000000c1800000, 0x00000000c3600000, 0x00000000eb300000)
  object space 30720K, 34% used [0x00000000c1800000,0x00000000c22492f8,0x00000000c3600000)
 Metaspace       used 33346K, capacity 35206K, committed 35416K, reserved 1079296K
  class space    used 4389K, capacity 4718K, committed 4736K, reserved 1048576K
}
Event: 16.573 GC heap before
{Heap before GC invocations=12 (full 2):
 PSYoungGen      total 186368K, used 8768K [0x00000000eb300000, 0x00000000f7800000, 0x0000000100000000)
  eden space 177152K, 0% used [0x00000000eb300000,0x00000000eb300000,0x00000000f6000000)
  from space 9216K, 95% used [0x00000000f6f00000,0x00000000f7790260,0x00000000f7800000)
  to   space 11776K, 0% used [0x00000000f6100000,0x00000000f6100000,0x00000000f6c80000)
 ParOldGen       total 30720K, used 10532K [0x00000000c1800000, 0x00000000c3600000, 0x00000000eb300000)
  object space 30720K, 34% used [0x00000000c1800000,0x00000000c22492f8,0x00000000c3600000)
 Metaspace       used 33346K, capacity 35206K, committed 35416K, reserved 1079296K
  class space    used 4389K, capacity 4718K, committed 4736K, reserved 1048576K
Event: 16.689 GC heap after
Heap after GC invocations=12 (full 2):
 PSYoungGen      total 186368K, used 0K [0x00000000eb300000, 0x00000000f7800000, 0x0000000100000000)
  eden space 177152K, 0% used [0x00000000eb300000,0x00000000eb300000,0x00000000f6000000)
  from space 9216K, 0% used [0x00000000f6f00000,0x00000000f6f00000,0x00000000f7800000)
  to   space 11776K, 0% used [0x00000000f6100000,0x00000000f6100000,0x00000000f6c80000)
 ParOldGen       total 45056K, used 13706K [0x00000000c1800000, 0x00000000c4400000, 0x00000000eb300000)
  object space 45056K, 30% used [0x00000000c1800000,0x00000000c2562b78,0x00000000c4400000)
 Metaspace       used 33346K, capacity 35206K, committed 35416K, reserved 1079296K
  class space    used 4389K, capacity 4718K, committed 4736K, reserved 1048576K
}
Event: 31.074 GC heap before
{Heap before GC invocations=13 (full 2):
 PSYoungGen      total 186368K, used 177152K [0x00000000eb300000, 0x00000000f7800000, 0x0000000100000000)
  eden space 177152K, 100% used [0x00000000eb300000,0x00000000f6000000,0x00000000f6000000)
  from space 9216K, 0% used [0x00000000f6f00000,0x00000000f6f00000,0x00000000f7800000)
  to   space 11776K, 0% used [0x00000000f6100000,0x00000000f6100000,0x00000000f6c80000)
 ParOldGen       total 45056K, used 13706K [0x00000000c1800000, 0x00000000c4400000, 0x00000000eb300000)
  object space 45056K, 30% used [0x00000000c1800000,0x00000000c2562b78,0x00000000c4400000)
 Metaspace       used 54310K, capacity 56370K, committed 56792K, reserved 1097728K
  class space    used 7279K, capacity 7650K, committed 7680K, reserved 1048576K
Event: 31.111 GC heap after
Heap after GC invocations=13 (full 2):
 PSYoungGen      total 189952K, used 11746K [0x00000000eb300000, 0x00000000fc480000, 0x0000000100000000)
  eden space 178176K, 0% used [0x00000000eb300000,0x00000000eb300000,0x00000000f6100000)
  from space 11776K, 99% used [0x00000000f6100000,0x00000000f6c78bb0,0x00000000f6c80000)
  to   space 16896K, 0% used [0x00000000fb400000,0x00000000fb400000,0x00000000fc480000)
 ParOldGen       total 45056K, used 23798K [0x00000000c1800000, 0x00000000c4400000, 0x00000000eb300000)
  object space 45056K, 52% used [0x00000000c1800000,0x00000000c2f3da18,0x00000000c4400000)
 Metaspace       used 54310K, capacity 56370K, committed 56792K, reserved 1097728K
  class space    used 7279K, capacity 7650K, committed 7680K, reserved 1048576K
}
Event: 34.863 GC heap before
{Heap before GC invocations=14 (full 2):
 PSYoungGen      total 189952K, used 39845K [0x00000000eb300000, 0x00000000fc480000, 0x0000000100000000)
  eden space 178176K, 15% used [0x00000000eb300000,0x00000000ece70a68,0x00000000f6100000)
  from space 11776K, 99% used [0x00000000f6100000,0x00000000f6c78bb0,0x00000000f6c80000)
  to   space 16896K, 0% used [0x00000000fb400000,0x00000000fb400000,0x00000000fc480000)
 ParOldGen       total 45056K, used 23798K [0x00000000c1800000, 0x00000000c4400000, 0x00000000eb300000)
  object space 45056K, 52% used [0x00000000c1800000,0x00000000c2f3da18,0x00000000c4400000)
 Metaspace       used 56299K, capacity 58892K, committed 58968K, reserved 1099776K
  class space    used 7579K, capacity 8041K, committed 8064K, reserved 1048576K
Event: 34.882 GC heap after
Heap after GC invocations=14 (full 2):
 PSYoungGen      total 253952K, used 2460K [0x00000000eb300000, 0x00000000fc000000, 0x0000000100000000)
  eden space 241664K, 0% used [0x00000000eb300000,0x00000000eb300000,0x00000000f9f00000)
  from space 12288K, 20% used [0x00000000fb400000,0x00000000fb667130,0x00000000fc000000)
  to   space 16896K, 0% used [0x00000000f9f00000,0x00000000f9f00000,0x00000000faf80000)
 ParOldGen       total 45056K, used 30427K [0x00000000c1800000, 0x00000000c4400000, 0x00000000eb300000)
  object space 45056K, 67% used [0x00000000c1800000,0x00000000c35b6c48,0x00000000c4400000)
 Metaspace       used 56299K, capacity 58892K, committed 58968K, reserved 1099776K
  class space    used 7579K, capacity 8041K, committed 8064K, reserved 1048576K
}
Event: 34.882 GC heap before
{Heap before GC invocations=15 (full 3):
 PSYoungGen      total 253952K, used 2460K [0x00000000eb300000, 0x00000000fc000000, 0x0000000100000000)
  eden space 241664K, 0% used [0x00000000eb300000,0x00000000eb300000,0x00000000f9f00000)
  from space 12288K, 20% used [0x00000000fb400000,0x00000000fb667130,0x00000000fc000000)
  to   space 16896K, 0% used [0x00000000f9f00000,0x00000000f9f00000,0x00000000faf80000)
 ParOldGen       total 45056K, used 30427K [0x00000000c1800000, 0x00000000c4400000, 0x00000000eb300000)
  object space 45056K, 67% used [0x00000000c1800000,0x00000000c35b6c48,0x00000000c4400000)
 Metaspace       used 56299K, capacity 58892K, committed 58968K, reserved 1099776K
  class space    used 7579K, capacity 8041K, committed 8064K, reserved 1048576K
Event: 35.712 GC heap after
Heap after GC invocations=15 (full 3):
 PSYoungGen      total 253952K, used 0K [0x00000000eb300000, 0x00000000fc000000, 0x0000000100000000)
  eden space 241664K, 0% used [0x00000000eb300000,0x00000000eb300000,0x00000000f9f00000)
  from space 12288K, 0% used [0x00000000fb400000,0x00000000fb400000,0x00000000fc000000)
  to   space 16896K, 0% used [0x00000000f9f00000,0x00000000f9f00000,0x00000000faf80000)
 ParOldGen       total 45056K, used 19512K [0x00000000c1800000, 0x00000000c4400000, 0x00000000eb300000)
  object space 45056K, 43% used [0x00000000c1800000,0x00000000c2b0e0b0,0x00000000c4400000)
 Metaspace       used 56299K, capacity 58892K, committed 58968K, reserved 1099776K
  class space    used 7579K, capacity 8041K, committed 8064K, reserved 1048576K
}

